D:\cwork\autoExpr\autoExpr\Debug\autoExpr.exe.embed.manifest
D:\CWORK\AUTOEXPR\AUTOEXPR\DEBUG\AUTOEXPR.EXE.EMBED.MANIFEST.RES
D:\cwork\autoExpr\autoExpr\Debug\autoExpr.exe.intermediate.manifest
D:\cwork\autoExpr\autoExpr\Debug\autoExpr_manifest.rc
D:\cwork\autoExpr\autoExpr\Debug\cl.command.1.tlog
D:\cwork\autoExpr\autoExpr\Debug\CL.read.1.tlog
D:\cwork\autoExpr\autoExpr\Debug\CL.write.1.tlog
D:\CWORK\AUTOEXPR\AUTOEXPR\DEBUG\CREFERSCPLUSPLUS.OBJ
D:\cwork\autoExpr\autoExpr\Debug\link.command.1.tlog
D:\cwork\autoExpr\autoExpr\Debug\link.read.1.tlog
D:\cwork\autoExpr\autoExpr\Debug\link.write.1.tlog
D:\cwork\autoExpr\autoExpr\Debug\link-cvtres.read.1.tlog
D:\cwork\autoExpr\autoExpr\Debug\link-cvtres.write.1.tlog
D:\CWORK\AUTOEXPR\AUTOEXPR\DEBUG\MAIN.OBJ
D:\CWORK\AUTOEXPR\AUTOEXPR\DEBUG\PREPAREDATAPC.OBJ
D:\cwork\autoExpr\autoExpr\Debug\rc.command.1.tlog
D:\cwork\autoExpr\autoExpr\Debug\rc.read.1.tlog
D:\cwork\autoExpr\autoExpr\Debug\rc.write.1.tlog
D:\CWORK\AUTOEXPR\AUTOEXPR\DEBUG\SERIALCOM.OBJ
D:\CWORK\AUTOEXPR\AUTOEXPR\DEBUG\SIMUTYPE.OBJ
D:\CWORK\AUTOEXPR\AUTOEXPR\DEBUG\TEMEXPERIMENT.OBJ
D:\cwork\autoExpr\autoExpr\Debug\vc100.idb
D:\CWORK\AUTOEXPR\AUTOEXPR\DEBUG\VC100.PDB
D:\CWORK\AUTOEXPR\AUTOEXPR\DEBUG\VISAUTILS.OBJ
D:\cwork\autoExpr\Debug\autoExpr.pdb
