<!DOCTYPE html PUBLIC "-//W3C//DTD HTML 4.01//EN" "http://www.w3.org/TR/html4/strict.dtd">
<html>
<head>
  <meta http-equiv="Content-Type" content="text/html; charset=utf-8">
  <meta http-equiv="Content-Style-Type" content="text/css">
  <title></title>
  <meta name="Generator" content="Cocoa HTML Writer">
  <meta name="CocoaVersion" content="1265">
  <style type="text/css">
  </style>
</head>
<body>
</body>
</html>
2013-11-08 20:33:35,498 ********* smtp login exception!
2013-11-08 20:41:38,225 ********* smtp login exception!
2013-11-09 12:45:20,011 ********* smtp login exception!
2013-11-09 12:45:20,625 ********* smtp login exception!
2013-11-09 12:45:21,545 ********* smtp login exception!
2013-11-09 12:45:21,926 ********* smtp login exception!
2013-11-09 12:45:22,467 ********* smtp login exception!
2013-11-09 12:45:22,719 ********* smtp login exception!
2013-11-09 12:46:46,734 ********* smtp login exception!
2013-11-09 12:46:46,994 ********* smtp login exception!
2013-11-09 12:46:47,253 ********* smtp login exception!
2013-11-09 12:46:47,514 ********* smtp login exception!
2013-11-09 12:46:47,785 ********* smtp login exception!
2013-11-09 12:46:48,036 ********* smtp login exception!
2013-11-09 12:48:29,304 ********* smtp login exception!
2013-11-09 12:48:29,558 ********* smtp login exception!
2013-11-09 12:48:29,815 ********* smtp login exception!
2013-11-09 12:48:30,072 ********* smtp login exception!
2013-11-09 12:48:30,325 ********* smtp login exception!
2013-11-09 12:48:30,584 ********* smtp login exception!
2013-11-09 12:55:03,194 ********* smtp login exception!
2013-11-09 12:55:03,471 ********* smtp login exception!
2013-11-09 12:55:03,728 ********* smtp login exception!
2013-11-09 12:55:03,988 ********* smtp login exception!
2013-11-09 14:55:02,819 ********* smtp login exception!
2013-11-09 14:56:42,246 ********* smtp login exception!
2013-12-13 16:42:40,654 ********* smtp login exception!
2013-12-13 17:09:57,830 ********* smtp login exception!
2013-12-13 17:10:08,254 ********* smtp login exception!
2013-12-13 17:10:18,257 ********* smtp login exception!
2013-12-13 17:10:28,259 ********* smtp login exception!
2013-12-13 17:10:38,263 ********* smtp login exception!
2013-12-13 17:10:48,266 ********* smtp login exception!
2013-12-13 17:10:58,273 ********* smtp login exception!
2013-12-13 17:11:08,276 ********* smtp login exception!
2013-12-13 17:11:18,280 ********* smtp login exception!
2013-12-19 21:48:42,646 ********* smtp login exception!
2013-12-19 21:48:53,806 ********* smtp login exception!
2013-12-19 21:49:04,763 ********* smtp login exception!
2013-12-19 21:49:15,718 ********* smtp login exception!
2013-12-19 21:49:26,675 ********* smtp login exception!
2013-12-19 21:49:37,411 ********* smtp login exception!
2013-12-19 21:49:48,591 ********* smtp login exception!
2013-12-19 21:49:59,410 ********* smtp login exception!
2013-12-19 21:50:10,420 ********* smtp login exception!
2013-12-19 21:50:21,171 ********* smtp login exception!
2013-12-19 21:50:32,008 ********* smtp login exception!
2013-12-19 21:50:43,063 ********* smtp login exception!
2013-12-19 21:50:54,173 ********* smtp login exception!
2013-12-19 21:51:05,464 ********* smtp login exception!
2013-12-19 21:51:17,246 ********* smtp login exception!
